2021-12-13 01:56:50.735  INFO 15756 --- [XNIO-1 I/O-5] lavalink.server.io.SocketServer          : Connection closed from /127.0.0.1:58313 -- CloseStatus[code=1006, reason=]
2021-12-13 01:56:50.778  INFO 15756 --- [XNIO-1 I/O-5] lavalink.server.io.SocketContext         : Shutting down 0 playing players.
2021-12-13 01:57:05.097  INFO 15756 --- [XNIO-1 task-22] l.server.io.HandshakeInterceptorImpl     : Incoming connection from /127.0.0.1:51095
2021-12-13 01:57:05.102  INFO 15756 --- [XNIO-1 task-22] lavalink.server.io.SocketServer          : Connection successfully established from /127.0.0.1:51095
2021-12-13 02:23:54.214  INFO 15756 --- [XNIO-1 I/O-11] lavalink.server.io.SocketServer          : Connection closed from /127.0.0.1:51095 -- CloseStatus[code=1006, reason=]
2021-12-13 02:23:54.215  INFO 15756 --- [XNIO-1 I/O-11] lavalink.server.io.SocketContext         : Shutting down 0 playing players.
2021-12-13 02:24:03.487  INFO 15756 --- [XNIO-1 task-23] l.server.io.HandshakeInterceptorImpl     : Incoming connection from /127.0.0.1:59255
2021-12-13 02:24:03.490  INFO 15756 --- [XNIO-1 task-23] lavalink.server.io.SocketServer          : Connection successfully established from /127.0.0.1:59255
2021-12-13 02:50:04.220  INFO 15756 --- [XNIO-1 I/O-11] lavalink.server.io.SocketServer          : Connection closed from /127.0.0.1:59255 -- CloseStatus[code=1006, reason=]
2021-12-13 02:50:04.220  INFO 15756 --- [XNIO-1 I/O-11] lavalink.server.io.SocketContext         : Shutting down 0 playing players.
2021-12-13 11:16:56.884  INFO 15404 --- [main] lavalink.server.Launcher                 : 

[32m       .  [31m _                  _ _       _    [32m__ _ _
[32m      /\\ [31m| | __ ___   ____ _| (_)_ __ | | __[32m\ \ \ \
[32m     ( ( )[31m| |/ _` \ \ / / _` | | | '_ \| |/ /[32m \ \ \ \
[32m      \\/ [31m| | (_| |\ V / (_| | | | | | |   < [32m  ) ) ) )
[32m       '  [31m|_|\__,_| \_/ \__,_|_|_|_| |_|_|\_\[32m / / / /
[0m    =========================================[32m/_/_/_/[0m

	Version:        2ac6bf4e0dcab9ba7493b0494316b8bee698913d-SNAPSHOT
	Build:          1232
	Build time:     20.04.2021 07:05:21 UTC
	Branch          master
	Commit:         2ac6bf4
	Commit time:    20.04.2021 07:02:46 UTC
	JVM:            16.0.1
	Lavaplayer      1.3.76

2021-12-13 11:16:56.922  INFO 15404 --- [main] o.s.boot.SpringApplication               : 
  .   ____          _            __ _ _
 /\\ / ___'_ __ _ _(_)_ __  __ _ \ \ \ \
( ( )\___ | '_ | '_| | '_ \/ _` | \ \ \ \
 \\/  ___)| |_)| | | | | || (_| |  ) ) ) )
  '  |____| .__|_| |_|_| |_\__, | / / / /
 =========|_|==============|___/=/_/_/_/
 :: Spring Boot ::        (v2.1.8.RELEASE)


2021-12-13 11:16:57.038  INFO 15404 --- [main] lavalink.server.Launcher                 : Starting Launcher on Artem with PID 15404 (C:\Users\Artem\Documents\PROJECTS\CODE\ducker\ducker\bin\Debug\net6.0\Lavalink.jar started by Artem in C:\Users\Artem\Documents\PROJECTS\CODE\ducker\ducker\bin\Debug\net6.0)
2021-12-13 11:16:57.039  INFO 15404 --- [main] lavalink.server.Launcher                 : No active profile set, falling back to default profiles: default
2021-12-13 11:16:57.139  WARN 15404 --- [background-preinit] o.s.h.c.j.Jackson2ObjectMapperBuilder    : For Jackson Kotlin classes support please add "com.fasterxml.jackson.module:jackson-module-kotlin" to the classpath
2021-12-13 11:16:58.226  WARN 15404 --- [main] io.undertow.websockets.jsr               : UT026010: Buffer pool was not set on WebSocketDeploymentInfo, the default pool will be used
2021-12-13 11:16:58.265  INFO 15404 --- [main] io.undertow.servlet                      : Initializing Spring embedded WebApplicationContext
2021-12-13 11:16:58.265  INFO 15404 --- [main] o.s.web.context.ContextLoader            : Root WebApplicationContext: initialization completed in 1169 ms
2021-12-13 11:16:58.637  WARN 15404 --- [main] l.server.config.SentryConfiguration      : Turning off sentry
2021-12-13 11:16:59.031  INFO 15404 --- [main] c.s.d.l.tools.GarbageCollectionMonitor   : GC monitoring enabled, reporting results every 2 minutes.
2021-12-13 11:16:59.673  INFO 15404 --- [main] lavalink.server.config.KoeConfiguration  : OS: Windows 10, Arch: amd64
2021-12-13 11:16:59.674  WARN 15404 --- [main] lavalink.server.config.KoeConfiguration  : This system and architecture appears to not support native audio sending! GC pauses may cause your bot to stutter during playback.
2021-12-13 11:16:59.915  INFO 15404 --- [main] o.s.s.concurrent.ThreadPoolTaskExecutor  : Initializing ExecutorService 'applicationTaskExecutor'
2021-12-13 11:17:00.224  INFO 15404 --- [main] org.xnio                                 : XNIO version 3.3.8.Final
2021-12-13 11:17:00.236  INFO 15404 --- [main] org.xnio.nio                             : XNIO NIO Implementation Version 3.3.8.Final
2021-12-13 11:17:00.314  INFO 15404 --- [main] o.s.b.w.e.u.UndertowServletWebServer     : Undertow started on port(s) 2333 (http) with context path ''
2021-12-13 11:17:00.320  INFO 15404 --- [main] lavalink.server.Launcher                 : Started Launcher in 3.892 seconds (JVM running for 4.874)
2021-12-13 11:17:00.322  INFO 15404 --- [main] lavalink.server.Launcher                 : You can safely ignore the big red warning about illegal reflection. See https://github.com/freyacodes/Lavalink/issues/295
2021-12-13 11:35:27.584  INFO 15404 --- [XNIO-1 task-1] io.undertow.servlet                      : Initializing Spring DispatcherServlet 'dispatcherServlet'
2021-12-13 11:35:27.585  INFO 15404 --- [XNIO-1 task-1] o.s.web.servlet.DispatcherServlet        : Initializing Servlet 'dispatcherServlet'
2021-12-13 11:35:27.593  INFO 15404 --- [XNIO-1 task-1] o.s.web.servlet.DispatcherServlet        : Completed initialization in 8 ms
2021-12-13 11:35:27.614  INFO 15404 --- [XNIO-1 task-1] l.server.io.HandshakeInterceptorImpl     : Incoming connection from /127.0.0.1:58557
2021-12-13 11:35:27.678  INFO 15404 --- [XNIO-1 task-1] lavalink.server.io.SocketServer          : Connection successfully established from /127.0.0.1:58557
2021-12-13 15:12:08.348  INFO 15404 --- [XNIO-1 I/O-9] lavalink.server.io.SocketServer          : Connection closed from /127.0.0.1:58557 -- CloseStatus[code=1006, reason=]
2021-12-13 15:12:08.355  INFO 15404 --- [XNIO-1 I/O-9] lavalink.server.io.SocketContext         : Shutting down 0 playing players.
2021-12-13 15:17:06.885  INFO 5392 --- [main] lavalink.server.Launcher                 : 

[32m       .  [31m _                  _ _       _    [32m__ _ _
[32m      /\\ [31m| | __ ___   ____ _| (_)_ __ | | __[32m\ \ \ \
[32m     ( ( )[31m| |/ _` \ \ / / _` | | | '_ \| |/ /[32m \ \ \ \
[32m      \\/ [31m| | (_| |\ V / (_| | | | | | |   < [32m  ) ) ) )
[32m       '  [31m|_|\__,_| \_/ \__,_|_|_|_| |_|_|\_\[32m / / / /
[0m    =========================================[32m/_/_/_/[0m

	Version:        2ac6bf4e0dcab9ba7493b0494316b8bee698913d-SNAPSHOT
	Build:          1232
	Build time:     20.04.2021 07:05:21 UTC
	Branch          master
	Commit:         2ac6bf4
	Commit time:    20.04.2021 07:02:46 UTC
	JVM:            16.0.1
	Lavaplayer      1.3.76

2021-12-13 15:17:06.917  INFO 5392 --- [main] o.s.boot.SpringApplication               : 
  .   ____          _            __ _ _
 /\\ / ___'_ __ _ _(_)_ __  __ _ \ \ \ \
( ( )\___ | '_ | '_| | '_ \/ _` | \ \ \ \
 \\/  ___)| |_)| | | | | || (_| |  ) ) ) )
  '  |____| .__|_| |_|_| |_\__, | / / / /
 =========|_|==============|___/=/_/_/_/
 :: Spring Boot ::        (v2.1.8.RELEASE)


2021-12-13 15:17:07.009  INFO 5392 --- [main] lavalink.server.Launcher                 : Starting Launcher on Artem with PID 5392 (C:\Users\Artem\Documents\PROJECTS\CODE\ducker\ducker.Core\bin\Debug\net6.0\Lavalink.jar started by Artem in C:\Users\Artem\Documents\PROJECTS\CODE\ducker\ducker.Core\bin\Debug\net6.0)
2021-12-13 15:17:07.010  INFO 5392 --- [main] lavalink.server.Launcher                 : No active profile set, falling back to default profiles: default
2021-12-13 15:17:07.093  WARN 5392 --- [background-preinit] o.s.h.c.j.Jackson2ObjectMapperBuilder    : For Jackson Kotlin classes support please add "com.fasterxml.jackson.module:jackson-module-kotlin" to the classpath
2021-12-13 15:17:08.106  WARN 5392 --- [main] io.undertow.websockets.jsr               : UT026010: Buffer pool was not set on WebSocketDeploymentInfo, the default pool will be used
2021-12-13 15:17:08.141  INFO 5392 --- [main] io.undertow.servlet                      : Initializing Spring embedded WebApplicationContext
2021-12-13 15:17:08.141  INFO 5392 --- [main] o.s.web.context.ContextLoader            : Root WebApplicationContext: initialization completed in 1080 ms
2021-12-13 15:17:08.490  WARN 5392 --- [main] l.server.config.SentryConfiguration      : Turning off sentry
2021-12-13 15:17:08.757  INFO 5392 --- [main] c.s.d.l.tools.GarbageCollectionMonitor   : GC monitoring enabled, reporting results every 2 minutes.
2021-12-13 15:17:08.998  INFO 5392 --- [main] lavalink.server.config.KoeConfiguration  : OS: Windows 10, Arch: amd64
2021-12-13 15:17:08.999  WARN 5392 --- [main] lavalink.server.config.KoeConfiguration  : This system and architecture appears to not support native audio sending! GC pauses may cause your bot to stutter during playback.
2021-12-13 15:17:09.229  INFO 5392 --- [main] o.s.s.concurrent.ThreadPoolTaskExecutor  : Initializing ExecutorService 'applicationTaskExecutor'
2021-12-13 15:17:09.502  INFO 5392 --- [main] org.xnio                                 : XNIO version 3.3.8.Final
2021-12-13 15:17:09.516  INFO 5392 --- [main] org.xnio.nio                             : XNIO NIO Implementation Version 3.3.8.Final
2021-12-13 15:17:09.588  INFO 5392 --- [main] o.s.b.w.e.u.UndertowServletWebServer     : Undertow started on port(s) 2333 (http) with context path ''
2021-12-13 15:17:09.593  INFO 5392 --- [main] lavalink.server.Launcher                 : Started Launcher in 3.159 seconds (JVM running for 3.606)
2021-12-13 15:17:09.594  INFO 5392 --- [main] lavalink.server.Launcher                 : You can safely ignore the big red warning about illegal reflection. See https://github.com/freyacodes/Lavalink/issues/295
2021-12-13 15:17:30.182  INFO 5392 --- [XNIO-1 task-1] io.undertow.servlet                      : Initializing Spring DispatcherServlet 'dispatcherServlet'
2021-12-13 15:17:30.183  INFO 5392 --- [XNIO-1 task-1] o.s.web.servlet.DispatcherServlet        : Initializing Servlet 'dispatcherServlet'
2021-12-13 15:17:30.189  INFO 5392 --- [XNIO-1 task-1] o.s.web.servlet.DispatcherServlet        : Completed initialization in 6 ms
